<?xml version="1.0" encoding="UTF-8"?>
<!-- Generated by org.testng.reporters.JUnitXMLReporter -->
<testsuite hostname="DESKTOP-UVCSRH9" name="Default test" tests="4" failures="0" timestamp="10 Aug 2019 11:15:54 GMT" time="16.859" errors="0">
  <testcase name="validateRegpage" time="11.864" classname="com.Vcentry.tnstc.testcases.RegPageTest"/>
  <testcase name="validateRegpage" time="0.872" classname="com.Vcentry.tnstc.testcases.RegPageTest"/>
  <testcase name="validateRegpage" time="0.835" classname="com.Vcentry.tnstc.testcases.RegPageTest"/>
  <testcase name="validateRegpage" time="0.991" classname="com.Vcentry.tnstc.testcases.RegPageTest"/>
</testsuite> <!-- Default test -->
